<?xml version="1.0" encoding="UTF-8" ?>
<testsuite tests="1" failures="0" name="br.com.senac.dao.PessoaFisicaDaoImplTest" time="0.554" errors="1" skipped="0">
  <properties>
[...]
</properties>
  <testcase classname="br.com.senac.dao.PessoaFisicaDaoImplTest" name="testSalvar" time="0.554">
    <error type="java.lang.ExceptionInInitializerError">java.lang.ExceptionInInitializerError
	at br.com.senac.dao.ProfissaoDaoImplTest.buscarProfissaoBd(ProfissaoDaoImplTest.java:57)
	at br.com.senac.dao.PessoaFisicaDaoImplTest.testSalvar(PessoaFisicaDaoImplTest.java:64)
	at java.base/jdk.internal.reflect.NativeMethodAccessorImpl.invoke0(Native Method)
	at java.base/jdk.internal.reflect.NativeMethodAccessorImpl.invoke(NativeMethodAccessorImpl.java:78)
	at java.base/jdk.internal.reflect.DelegatingMethodAccessorImpl.invoke(DelegatingMethodAccessorImpl.java:43)
	at java.base/java.lang.reflect.Method.invoke(Method.java:567)
	at org.junit.runners.model.FrameworkMethod$1.runReflectiveCall(FrameworkMethod.java:50)
	at org.junit.internal.runners.model.ReflectiveCallable.run(ReflectiveCallable.java:12)
	at org.junit.runners.model.FrameworkMethod.invokeExplosively(FrameworkMethod.java:47)
	at org.junit.internal.runners.statements.InvokeMethod.evaluate(InvokeMethod.java:17)
	at org.junit.internal.runners.statements.RunBefores.evaluate(RunBefores.java:26)
	at org.junit.internal.runners.statements.RunAfters.evaluate(RunAfters.java:27)
	at org.junit.runners.ParentRunner.runLeaf(ParentRunner.java:325)
	at org.junit.runners.BlockJUnit4ClassRunner.runChild(BlockJUnit4ClassRunner.java:78)
	at org.junit.runners.BlockJUnit4ClassRunner.runChild(BlockJUnit4ClassRunner.java:57)
	at org.junit.runners.ParentRunner$3.run(ParentRunner.java:290)
	at org.junit.runners.ParentRunner$1.schedule(ParentRunner.java:71)
	at org.junit.runners.ParentRunner.runChildren(ParentRunner.java:288)
	at org.junit.runners.ParentRunner.access$000(ParentRunner.java:58)
	at org.junit.runners.ParentRunner$2.evaluate(ParentRunner.java:268)
	at org.junit.internal.runners.statements.RunBefores.evaluate(RunBefores.java:26)
	at org.junit.internal.runners.statements.RunAfters.evaluate(RunAfters.java:27)
	at org.junit.runners.ParentRunner.run(ParentRunner.java:363)
	at org.apache.maven.surefire.junit4.JUnit4Provider.execute(JUnit4Provider.java:252)
	at org.apache.maven.surefire.junit4.JUnit4Provider.executeTestSet(JUnit4Provider.java:141)
	at org.apache.maven.surefire.junit4.JUnit4Provider.invoke(JUnit4Provider.java:112)
	at java.base/jdk.internal.reflect.NativeMethodAccessorImpl.invoke0(Native Method)
	at java.base/jdk.internal.reflect.NativeMethodAccessorImpl.invoke(NativeMethodAccessorImpl.java:78)
	at java.base/jdk.internal.reflect.DelegatingMethodAccessorImpl.invoke(DelegatingMethodAccessorImpl.java:43)
	at java.base/java.lang.reflect.Method.invoke(Method.java:567)
	at org.apache.maven.surefire.util.ReflectionUtils.invokeMethodWithArray(ReflectionUtils.java:189)
	at org.apache.maven.surefire.booter.ProviderFactory$ProviderProxy.invoke(ProviderFactory.java:165)
	at org.apache.maven.surefire.booter.ProviderFactory.invokeProvider(ProviderFactory.java:85)
	at org.apache.maven.surefire.booter.ForkedBooter.runSuitesInProcess(ForkedBooter.java:115)
	at org.apache.maven.surefire.booter.ForkedBooter.main(ForkedBooter.java:75)
Caused by: java.lang.NullPointerException: Cannot invoke &quot;java.lang.reflect.Method.invoke(Object, Object[])&quot; because &quot;com.sun.xml.bind.v2.runtime.reflect.opt.Injector.defineClass&quot; is null
	at com.sun.xml.bind.v2.runtime.reflect.opt.Injector.inject(Injector.java:311)
	at com.sun.xml.bind.v2.runtime.reflect.opt.Injector.inject(Injector.java:97)
	at com.sun.xml.bind.v2.runtime.reflect.opt.AccessorInjector.prepare(AccessorInjector.java:87)
	at com.sun.xml.bind.v2.runtime.reflect.opt.OptimizedAccessorFactory.get(OptimizedAccessorFactory.java:179)
	at com.sun.xml.bind.v2.runtime.reflect.Accessor$FieldReflection.optimize(Accessor.java:285)
	at com.sun.xml.bind.v2.runtime.property.SingleElementNodeProperty.&lt;init&gt;(SingleElementNodeProperty.java:94)
	at java.base/jdk.internal.reflect.NativeConstructorAccessorImpl.newInstance0(Native Method)
	at java.base/jdk.internal.reflect.NativeConstructorAccessorImpl.newInstance(NativeConstructorAccessorImpl.java:78)
	at java.base/jdk.internal.reflect.DelegatingConstructorAccessorImpl.newInstance(DelegatingConstructorAccessorImpl.java:45)
	at java.base/java.lang.reflect.Constructor.newInstanceWithCaller(Constructor.java:499)
	at java.base/java.lang.reflect.Constructor.newInstance(Constructor.java:480)
	at com.sun.xml.bind.v2.runtime.property.PropertyFactory.create(PropertyFactory.java:128)
	at com.sun.xml.bind.v2.runtime.ClassBeanInfoImpl.&lt;init&gt;(ClassBeanInfoImpl.java:181)
	at com.sun.xml.bind.v2.runtime.JAXBContextImpl.getOrCreate(JAXBContextImpl.java:514)
	at com.sun.xml.bind.v2.runtime.JAXBContextImpl.&lt;init&gt;(JAXBContextImpl.java:331)
	at com.sun.xml.bind.v2.runtime.JAXBContextImpl.&lt;init&gt;(JAXBContextImpl.java:139)
	at com.sun.xml.bind.v2.runtime.JAXBContextImpl$JAXBContextBuilder.build(JAXBContextImpl.java:1156)
	at com.sun.xml.bind.v2.ContextFactory.createContext(ContextFactory.java:165)
	at java.base/jdk.internal.reflect.NativeMethodAccessorImpl.invoke0(Native Method)
	at java.base/jdk.internal.reflect.NativeMethodAccessorImpl.invoke(NativeMethodAccessorImpl.java:78)
	at java.base/jdk.internal.reflect.DelegatingMethodAccessorImpl.invoke(DelegatingMethodAccessorImpl.java:43)
	at java.base/java.lang.reflect.Method.invoke(Method.java:567)
	at javax.xml.bind.ContextFinder.newInstance(ContextFinder.java:290)
	at javax.xml.bind.ContextFinder.newInstance(ContextFinder.java:280)
	at javax.xml.bind.ContextFinder.find(ContextFinder.java:393)
	at javax.xml.bind.JAXBContext.newInstance(JAXBContext.java:680)
	at javax.xml.bind.JAXBContext.newInstance(JAXBContext.java:624)
	at org.hibernate.boot.cfgxml.internal.JaxbCfgProcessor.unmarshal(JaxbCfgProcessor.java:122)
	at org.hibernate.boot.cfgxml.internal.JaxbCfgProcessor.unmarshal(JaxbCfgProcessor.java:65)
	at org.hibernate.boot.cfgxml.internal.ConfigLoader.loadConfigXmlResource(ConfigLoader.java:57)
	at org.hibernate.boot.registry.StandardServiceRegistryBuilder.configure(StandardServiceRegistryBuilder.java:163)
	at org.hibernate.cfg.Configuration.configure(Configuration.java:258)
	at br.com.senac.dao.HibernateUtil.&lt;clinit&gt;(HibernateUtil.java:37)
	... 35 more
</error>
    <system-out>salvar
</system-out>
    <system-err>mai. 22, 2022 7:31:27 PM org.hibernate.Version logVersion
INFO: HHH000412: Hibernate Core {5.2.6.Final}
mai. 22, 2022 7:31:27 PM org.hibernate.cfg.Environment &lt;clinit&gt;
INFO: HHH000206: hibernate.properties not found
mai. 22, 2022 7:31:27 PM org.hibernate.boot.jaxb.internal.stax.LocalXmlResourceResolver resolveEntity
WARN: HHH90000012: Recognized obsolete hibernate namespace http://hibernate.sourceforge.net/hibernate-configuration. Use namespace http://www.hibernate.org/dtd/hibernate-configuration instead.  Support for obsolete DTD/XSD namespaces may be removed at any time.
mai. 22, 2022 7:31:28 PM com.sun.xml.bind.v2.runtime.reflect.opt.Injector &lt;clinit&gt;
SEVERE: null
java.security.PrivilegedActionException: java.lang.NoSuchMethodException: sun.misc.Unsafe.defineClass(java.lang.String,[B,int,int,java.lang.ClassLoader,java.security.ProtectionDomain)
	at java.base/java.security.AccessController.doPrivileged(AccessController.java:558)
	at com.sun.xml.bind.v2.runtime.reflect.opt.Injector.&lt;clinit&gt;(Injector.java:197)
	at com.sun.xml.bind.v2.runtime.reflect.opt.AccessorInjector.prepare(AccessorInjector.java:81)
	at com.sun.xml.bind.v2.runtime.reflect.opt.OptimizedAccessorFactory.get(OptimizedAccessorFactory.java:179)
	at com.sun.xml.bind.v2.runtime.reflect.Accessor$FieldReflection.optimize(Accessor.java:285)
	at com.sun.xml.bind.v2.runtime.property.SingleElementNodeProperty.&lt;init&gt;(SingleElementNodeProperty.java:94)
	at java.base/jdk.internal.reflect.NativeConstructorAccessorImpl.newInstance0(Native Method)
	at java.base/jdk.internal.reflect.NativeConstructorAccessorImpl.newInstance(NativeConstructorAccessorImpl.java:78)
	at java.base/jdk.internal.reflect.DelegatingConstructorAccessorImpl.newInstance(DelegatingConstructorAccessorImpl.java:45)
	at java.base/java.lang.reflect.Constructor.newInstanceWithCaller(Constructor.java:499)
	at java.base/java.lang.reflect.Constructor.newInstance(Constructor.java:480)
	at com.sun.xml.bind.v2.runtime.property.PropertyFactory.create(PropertyFactory.java:128)
	at com.sun.xml.bind.v2.runtime.ClassBeanInfoImpl.&lt;init&gt;(ClassBeanInfoImpl.java:181)
	at com.sun.xml.bind.v2.runtime.JAXBContextImpl.getOrCreate(JAXBContextImpl.java:514)
	at com.sun.xml.bind.v2.runtime.JAXBContextImpl.&lt;init&gt;(JAXBContextImpl.java:331)
	at com.sun.xml.bind.v2.runtime.JAXBContextImpl.&lt;init&gt;(JAXBContextImpl.java:139)
	at com.sun.xml.bind.v2.runtime.JAXBContextImpl$JAXBContextBuilder.build(JAXBContextImpl.java:1156)
	at com.sun.xml.bind.v2.ContextFactory.createContext(ContextFactory.java:165)
	at java.base/jdk.internal.reflect.NativeMethodAccessorImpl.invoke0(Native Method)
	at java.base/jdk.internal.reflect.NativeMethodAccessorImpl.invoke(NativeMethodAccessorImpl.java:78)
	at java.base/jdk.internal.reflect.DelegatingMethodAccessorImpl.invoke(DelegatingMethodAccessorImpl.java:43)
	at java.base/java.lang.reflect.Method.invoke(Method.java:567)
	at javax.xml.bind.ContextFinder.newInstance(ContextFinder.java:290)
	at javax.xml.bind.ContextFinder.newInstance(ContextFinder.java:280)
	at javax.xml.bind.ContextFinder.find(ContextFinder.java:393)
	at javax.xml.bind.JAXBContext.newInstance(JAXBContext.java:680)
	at javax.xml.bind.JAXBContext.newInstance(JAXBContext.java:624)
	at org.hibernate.boot.cfgxml.internal.JaxbCfgProcessor.unmarshal(JaxbCfgProcessor.java:122)
	at org.hibernate.boot.cfgxml.internal.JaxbCfgProcessor.unmarshal(JaxbCfgProcessor.java:65)
	at org.hibernate.boot.cfgxml.internal.ConfigLoader.loadConfigXmlResource(ConfigLoader.java:57)
	at org.hibernate.boot.registry.StandardServiceRegistryBuilder.configure(StandardServiceRegistryBuilder.java:163)
	at org.hibernate.cfg.Configuration.configure(Configuration.java:258)
	at br.com.senac.dao.HibernateUtil.&lt;clinit&gt;(HibernateUtil.java:37)
	at br.com.senac.dao.ProfissaoDaoImplTest.buscarProfissaoBd(ProfissaoDaoImplTest.java:57)
	at br.com.senac.dao.PessoaFisicaDaoImplTest.testSalvar(PessoaFisicaDaoImplTest.java:64)
	at java.base/jdk.internal.reflect.NativeMethodAccessorImpl.invoke0(Native Method)
	at java.base/jdk.internal.reflect.NativeMethodAccessorImpl.invoke(NativeMethodAccessorImpl.java:78)
	at java.base/jdk.internal.reflect.DelegatingMethodAccessorImpl.invoke(DelegatingMethodAccessorImpl.java:43)
	at java.base/java.lang.reflect.Method.invoke(Method.java:567)
	at org.junit.runners.model.FrameworkMethod$1.runReflectiveCall(FrameworkMethod.java:50)
	at org.junit.internal.runners.model.ReflectiveCallable.run(ReflectiveCallable.java:12)
	at org.junit.runners.model.FrameworkMethod.invokeExplosively(FrameworkMethod.java:47)
	at org.junit.internal.runners.statements.InvokeMethod.evaluate(InvokeMethod.java:17)
	at org.junit.internal.runners.statements.RunBefores.evaluate(RunBefores.java:26)
	at org.junit.internal.runners.statements.RunAfters.evaluate(RunAfters.java:27)
	at org.junit.runners.ParentRunner.runLeaf(ParentRunner.java:325)
	at org.junit.runners.BlockJUnit4ClassRunner.runChild(BlockJUnit4ClassRunner.java:78)
	at org.junit.runners.BlockJUnit4ClassRunner.runChild(BlockJUnit4ClassRunner.java:57)
	at org.junit.runners.ParentRunner$3.run(ParentRunner.java:290)
	at org.junit.runners.ParentRunner$1.schedule(ParentRunner.java:71)
	at org.junit.runners.ParentRunner.runChildren(ParentRunner.java:288)
	at org.junit.runners.ParentRunner.access$000(ParentRunner.java:58)
	at org.junit.runners.ParentRunner$2.evaluate(ParentRunner.java:268)
	at org.junit.internal.runners.statements.RunBefores.evaluate(RunBefores.java:26)
	at org.junit.internal.runners.statements.RunAfters.evaluate(RunAfters.java:27)
	at org.junit.runners.ParentRunner.run(ParentRunner.java:363)
	at org.apache.maven.surefire.junit4.JUnit4Provider.execute(JUnit4Provider.java:252)
	at org.apache.maven.surefire.junit4.JUnit4Provider.executeTestSet(JUnit4Provider.java:141)
	at org.apache.maven.surefire.junit4.JUnit4Provider.invoke(JUnit4Provider.java:112)
	at java.base/jdk.internal.reflect.NativeMethodAccessorImpl.invoke0(Native Method)
	at java.base/jdk.internal.reflect.NativeMethodAccessorImpl.invoke(NativeMethodAccessorImpl.java:78)
	at java.base/jdk.internal.reflect.DelegatingMethodAccessorImpl.invoke(DelegatingMethodAccessorImpl.java:43)
	at java.base/java.lang.reflect.Method.invoke(Method.java:567)
	at org.apache.maven.surefire.util.ReflectionUtils.invokeMethodWithArray(ReflectionUtils.java:189)
	at org.apache.maven.surefire.booter.ProviderFactory$ProviderProxy.invoke(ProviderFactory.java:165)
	at org.apache.maven.surefire.booter.ProviderFactory.invokeProvider(ProviderFactory.java:85)
	at org.apache.maven.surefire.booter.ForkedBooter.runSuitesInProcess(ForkedBooter.java:115)
	at org.apache.maven.surefire.booter.ForkedBooter.main(ForkedBooter.java:75)
Caused by: java.lang.NoSuchMethodException: sun.misc.Unsafe.defineClass(java.lang.String,[B,int,int,java.lang.ClassLoader,java.security.ProtectionDomain)
	at java.base/java.lang.Class.getMethod(Class.java:2195)
	at com.sun.xml.bind.v2.runtime.reflect.opt.Injector$3.run(Injector.java:201)
	at com.sun.xml.bind.v2.runtime.reflect.opt.Injector$3.run(Injector.java:197)
	at java.base/java.security.AccessController.doPrivileged(AccessController.java:554)
	... 67 more

</system-err>
  </testcase>
</testsuite>